[0m15:54:58.712253 [debug] [MainThread]: Sending event: {'category': 'dbt', 'action': 'invocation', 'label': 'start', 'context': [<snowplow_tracker.self_describing_json.SelfDescribingJson object at 0x000002BA9CA31A60>, <snowplow_tracker.self_describing_json.SelfDescribingJson object at 0x000002BA9F788EC0>, <snowplow_tracker.self_describing_json.SelfDescribingJson object at 0x000002BA9F7886B0>]}


============================== 15:54:58.745866 | 4a0245f0-63f0-40d5-9567-b5fb22f69513 ==============================
[0m15:54:58.745866 [info ] [MainThread]: Running with dbt=1.11.6
[0m15:54:58.745866 [debug] [MainThread]: running dbt with arguments {'static_parser': 'True', 'no_print': 'None', 'version_check': 'True', 'target_path': 'None', 'warn_error_options': 'WarnErrorOptionsV2(error=[], warn=[], silence=[])', 'printer_width': '80', 'write_json': 'True', 'empty': 'None', 'log_cache_events': 'False', 'introspect': 'True', 'cache_selected_only': 'False', 'fail_fast': 'False', 'debug': 'False', 'log_format': 'default', 'profiles_dir': 'C:\\Users\\praya\\.dbt', 'send_anonymous_usage_stats': 'True', 'quiet': 'False', 'warn_error': 'None', 'partial_parse': 'True', 'use_colors': 'True', 'indirect_selection': 'eager', 'invocation_command': 'dbt init', 'use_experimental_parser': 'False', 'log_path': 'logs'}
[0m15:55:12.494496 [debug] [MainThread]: Starter project path: C:\Users\praya\Downloads\Netflix Project\.venv\Lib\site-packages\dbt\include\starter_project
[0m15:55:12.557727 [info ] [MainThread]: 
Your new dbt project "netflix_project" was created!

For more information on how to configure the profiles.yml file,
please consult the dbt documentation here:

  https://docs.getdbt.com/docs/configure-your-profile

One more thing:

Need help? Don't hesitate to reach out to us via GitHub issues or on Slack:

  https://community.getdbt.com/

Happy modeling!

[0m15:55:12.563062 [info ] [MainThread]: Setting up your profile.
[0m15:55:17.180758 [debug] [MainThread]: Snowflake adapter: Setting snowflake.connector to ERROR (file logging only)
[0m15:55:17.180758 [debug] [MainThread]: Snowflake adapter: Setting botocore to ERROR (file logging only)
[0m15:55:17.180758 [debug] [MainThread]: Snowflake adapter: Setting boto3 to ERROR (file logging only)
[0m16:01:00.317074 [info ] [MainThread]: Profile netflix_project written to C:\Users\praya\.dbt\profiles.yml using target's profile_template.yml and your supplied values. Run 'dbt debug' to validate the connection.
[0m16:01:00.323679 [debug] [MainThread]: Command `dbt init` succeeded at 16:01:00.323679 after 361.85 seconds
[0m16:01:00.323679 [debug] [MainThread]: Sending event: {'category': 'dbt', 'action': 'invocation', 'label': 'end', 'context': [<snowplow_tracker.self_describing_json.SelfDescribingJson object at 0x000002BA9FCF6630>, <snowplow_tracker.self_describing_json.SelfDescribingJson object at 0x000002BAA2F2BDA0>, <snowplow_tracker.self_describing_json.SelfDescribingJson object at 0x000002BAA1BAB410>]}
[0m16:01:00.325897 [debug] [MainThread]: Flushing usage events
[0m16:01:02.835438 [debug] [MainThread]: An error was encountered while trying to flush usage events
[0m16:13:01.209566 [debug] [MainThread]: Sending event: {'category': 'dbt', 'action': 'invocation', 'label': 'start', 'context': [<snowplow_tracker.self_describing_json.SelfDescribingJson object at 0x000001FB5E777E60>, <snowplow_tracker.self_describing_json.SelfDescribingJson object at 0x000001FB5E777110>, <snowplow_tracker.self_describing_json.SelfDescribingJson object at 0x000001FB5E776F00>]}


============================== 16:13:01.214951 | 0ef13866-5397-49b4-9062-0dd240ab1920 ==============================
[0m16:13:01.214951 [info ] [MainThread]: Running with dbt=1.11.6
[0m16:13:01.214951 [debug] [MainThread]: running dbt with arguments {'static_parser': 'True', 'no_print': 'None', 'version_check': 'True', 'warn_error_options': 'WarnErrorOptionsV2(error=[], warn=[], silence=[])', 'target_path': 'None', 'printer_width': '80', 'write_json': 'True', 'empty': 'None', 'log_cache_events': 'False', 'introspect': 'True', 'cache_selected_only': 'False', 'log_format': 'default', 'debug': 'False', 'fail_fast': 'False', 'partial_parse': 'True', 'send_anonymous_usage_stats': 'True', 'quiet': 'False', 'warn_error': 'None', 'profiles_dir': 'C:\\Users\\praya\\.dbt', 'invocation_command': 'dbt debug', 'use_colors': 'True', 'indirect_selection': 'eager', 'use_experimental_parser': 'False', 'log_path': 'logs'}
[0m16:13:01.239856 [info ] [MainThread]: dbt version: 1.11.6
[0m16:13:01.239856 [info ] [MainThread]: python version: 3.12.10
[0m16:13:01.239856 [info ] [MainThread]: python path: C:\Users\praya\Downloads\Netflix Project\.venv\Scripts\python.exe
[0m16:13:01.239856 [info ] [MainThread]: os info: Windows-11-10.0.26200-SP0
[0m16:13:01.260147 [info ] [MainThread]: Error importing adapter: No module named 'dbt.adapters.databricks'
[0m16:13:01.840259 [debug] [MainThread]: Snowflake adapter: Setting snowflake.connector to ERROR (file logging only)
[0m16:13:01.840259 [debug] [MainThread]: Snowflake adapter: Setting botocore to ERROR (file logging only)
[0m16:13:01.840259 [debug] [MainThread]: Snowflake adapter: Setting boto3 to ERROR (file logging only)
[0m16:13:01.902328 [info ] [MainThread]: Using profiles dir at C:\Users\praya\.dbt
[0m16:13:01.902328 [info ] [MainThread]: Using profiles.yml file at C:\Users\praya\.dbt\profiles.yml
[0m16:13:01.904081 [info ] [MainThread]: Using dbt_project.yml file at C:\Users\praya\Downloads\Netflix Project\dbt_project.yml
[0m16:13:01.904951 [info ] [MainThread]: Configuration:
[0m16:13:01.905466 [info ] [MainThread]:   profiles.yml file [[31mERROR invalid[0m]
[0m16:13:01.905466 [info ] [MainThread]:   dbt_project.yml file [[31mERROR not found[0m]
[0m16:13:01.905466 [info ] [MainThread]: Required dependencies:
[0m16:13:01.905466 [debug] [MainThread]: Executing "git --help"
[0m16:13:01.942676 [debug] [MainThread]: STDOUT: "b"usage: git [-v | --version] [-h | --help] [-C <path>] [-c <name>=<value>]\n           [--exec-path[=<path>]] [--html-path] [--man-path] [--info-path]\n           [-p | --paginate | -P | --no-pager] [--no-replace-objects] [--no-lazy-fetch]\n           [--no-optional-locks] [--no-advice] [--bare] [--git-dir=<path>]\n           [--work-tree=<path>] [--namespace=<name>] [--config-env=<name>=<envvar>]\n           <command> [<args>]\n\nThese are common Git commands used in various situations:\n\nstart a working area (see also: git help tutorial)\n   clone      Clone a repository into a new directory\n   init       Create an empty Git repository or reinitialize an existing one\n\nwork on the current change (see also: git help everyday)\n   add        Add file contents to the index\n   mv         Move or rename a file, a directory, or a symlink\n   restore    Restore working tree files\n   rm         Remove files from the working tree and from the index\n\nexamine the history and state (see also: git help revisions)\n   bisect     Use binary search to find the commit that introduced a bug\n   diff       Show changes between commits, commit and working tree, etc\n   grep       Print lines matching a pattern\n   log        Show commit logs\n   show       Show various types of objects\n   status     Show the working tree status\n\ngrow, mark and tweak your common history\n   backfill   Download missing objects in a partial clone\n   branch     List, create, or delete branches\n   commit     Record changes to the repository\n   merge      Join two or more development histories together\n   rebase     Reapply commits on top of another base tip\n   reset      Set `HEAD` or the index to a known state\n   switch     Switch branches\n   tag        Create, list, delete or verify tags\n\ncollaborate (see also: git help workflows)\n   fetch      Download objects and refs from another repository\n   pull       Fetch from and integrate with another repository or a local branch\n   push       Update remote refs along with associated objects\n\n'git help -a' and 'git help -g' list available subcommands and some\nconcept guides. See 'git help <command>' or 'git help <concept>'\nto read about a specific subcommand or concept.\nSee 'git help git' for an overview of the system.\n""
[0m16:13:01.942676 [debug] [MainThread]: STDERR: "b''"
[0m16:13:01.942676 [info ] [MainThread]:  - git [[32mOK found[0m]

[0m16:13:01.942676 [info ] [MainThread]: Connection test skipped since no profile was found
[0m16:13:01.942676 [info ] [MainThread]: [31m2 checks failed:[0m
[0m16:13:01.942676 [info ] [MainThread]: Could not load dbt_project.yml
Profile loading failed for the following reason:
Runtime Error
  Credentials in profile "dbt_project2", target "dev" invalid: Runtime Error
    Could not find adapter type databricks!


[0m16:13:01.942676 [info ] [MainThread]: Project loading failed for the following reason:
 project path <C:\Users\praya\Downloads\Netflix Project\dbt_project.yml> not found

[0m16:13:01.942676 [debug] [MainThread]: Command `dbt debug` failed at 16:13:01.942676 after 0.88 seconds
[0m16:13:01.942676 [debug] [MainThread]: Sending event: {'category': 'dbt', 'action': 'invocation', 'label': 'end', 'context': [<snowplow_tracker.self_describing_json.SelfDescribingJson object at 0x000001FB6087BFB0>, <snowplow_tracker.self_describing_json.SelfDescribingJson object at 0x000001FB6087B440>, <snowplow_tracker.self_describing_json.SelfDescribingJson object at 0x000001FB60330530>]}
[0m16:13:01.942676 [debug] [MainThread]: Flushing usage events
[0m16:13:04.660653 [debug] [MainThread]: An error was encountered while trying to flush usage events
[0m09:58:24.706080 [debug] [MainThread]: Sending event: {'category': 'dbt', 'action': 'invocation', 'label': 'start', 'context': [<snowplow_tracker.self_describing_json.SelfDescribingJson object at 0x0000014B9B634650>, <snowplow_tracker.self_describing_json.SelfDescribingJson object at 0x0000014B9DE5F080>, <snowplow_tracker.self_describing_json.SelfDescribingJson object at 0x0000014B9C22BE90>]}


============================== 09:58:24.714024 | ec7a25a5-3ac1-45d0-84f4-d3965c26bfa0 ==============================
[0m09:58:24.714024 [info ] [MainThread]: Running with dbt=1.11.6
[0m09:58:24.714024 [debug] [MainThread]: running dbt with arguments {'version_check': 'True', 'no_print': 'None', 'static_parser': 'True', 'target_path': 'None', 'warn_error_options': 'WarnErrorOptionsV2(error=[], warn=[], silence=[])', 'printer_width': '80', 'write_json': 'True', 'introspect': 'True', 'log_cache_events': 'False', 'empty': 'None', 'cache_selected_only': 'False', 'fail_fast': 'False', 'debug': 'False', 'log_format': 'default', 'profiles_dir': 'C:\\Users\\praya\\.dbt', 'send_anonymous_usage_stats': 'True', 'quiet': 'False', 'warn_error': 'None', 'partial_parse': 'True', 'invocation_command': 'dbt init', 'use_colors': 'True', 'indirect_selection': 'eager', 'use_experimental_parser': 'False', 'log_path': 'logs'}
[0m09:58:36.158883 [info ] [MainThread]: A project called netflix_project already exists here.
[0m09:58:36.174719 [debug] [MainThread]: Command `dbt init` succeeded at 09:58:36.174719 after 11.58 seconds
[0m09:58:36.174719 [debug] [MainThread]: Sending event: {'category': 'dbt', 'action': 'invocation', 'label': 'end', 'context': [<snowplow_tracker.self_describing_json.SelfDescribingJson object at 0x0000014B9DD996A0>, <snowplow_tracker.self_describing_json.SelfDescribingJson object at 0x0000014B9E891C40>, <snowplow_tracker.self_describing_json.SelfDescribingJson object at 0x0000014B9DD0BD70>]}
[0m09:58:36.174719 [debug] [MainThread]: Flushing usage events
[0m09:58:38.757665 [debug] [MainThread]: An error was encountered while trying to flush usage events
[0m09:59:40.213464 [debug] [MainThread]: Sending event: {'category': 'dbt', 'action': 'invocation', 'label': 'start', 'context': [<snowplow_tracker.self_describing_json.SelfDescribingJson object at 0x000001ADCDB34620>, <snowplow_tracker.self_describing_json.SelfDescribingJson object at 0x000001ADD0D65910>, <snowplow_tracker.self_describing_json.SelfDescribingJson object at 0x000001ADD0279580>]}


============================== 09:59:40.218839 | 72b2191d-f38f-4d59-a5c3-1ec7815b0a5e ==============================
[0m09:59:40.218839 [info ] [MainThread]: Running with dbt=1.11.6
[0m09:59:40.220701 [debug] [MainThread]: running dbt with arguments {'version_check': 'True', 'no_print': 'None', 'static_parser': 'True', 'target_path': 'None', 'warn_error_options': 'WarnErrorOptionsV2(error=[], warn=[], silence=[])', 'printer_width': '80', 'write_json': 'True', 'empty': 'False', 'log_cache_events': 'False', 'introspect': 'True', 'cache_selected_only': 'False', 'fail_fast': 'False', 'debug': 'False', 'log_format': 'default', 'profiles_dir': 'C:\\Users\\praya\\.dbt', 'send_anonymous_usage_stats': 'True', 'quiet': 'False', 'warn_error': 'None', 'partial_parse': 'True', 'indirect_selection': 'eager', 'use_colors': 'True', 'invocation_command': 'dbt run', 'use_experimental_parser': 'False', 'log_path': 'logs'}
[0m09:59:40.220701 [error] [MainThread]: Encountered an error:
Runtime Error
  No dbt_project.yml found at expected path C:\Users\praya\Downloads\Netflix Project\dbt_project.yml
  Verify that each entry within packages.yml (and their transitive dependencies) contains a file named dbt_project.yml
  
[0m09:59:40.221920 [debug] [MainThread]: Command `dbt run` failed at 09:59:40.221920 after 0.10 seconds
[0m09:59:40.221920 [debug] [MainThread]: Sending event: {'category': 'dbt', 'action': 'invocation', 'label': 'end', 'context': [<snowplow_tracker.self_describing_json.SelfDescribingJson object at 0x000001ADCDB34620>, <snowplow_tracker.self_describing_json.SelfDescribingJson object at 0x000001ADD095A1B0>, <snowplow_tracker.self_describing_json.SelfDescribingJson object at 0x000001ADD0ED2B40>]}
[0m09:59:40.221920 [debug] [MainThread]: Flushing usage events
[0m09:59:43.072173 [debug] [MainThread]: An error was encountered while trying to flush usage events
